{"/home/riceball/Documents/frameworks/web/vue/quasar/qinputex/src/index.ts": {"path":"/home/riceball/Documents/frameworks/web/vue/quasar/qinputex/src/index.ts","statementMap":{},"fnMap":{},"branchMap":{},"s":{},"f":{},"b":{}}
,"/home/riceball/Documents/frameworks/web/vue/quasar/qinputex/src/boot/i18n.js": {"path":"/home/riceball/Documents/frameworks/web/vue/quasar/qinputex/src/boot/i18n.js","statementMap":{"0":{"start":{"line":6,"column":2},"end":{"line":6,"column":19}},"1":{"start":{"line":8,"column":26},"end":{"line":8,"column":35}},"2":{"start":{"line":11,"column":2},"end":{"line":15,"column":5}},"3":{"start":{"line":16,"column":2},"end":{"line":16,"column":66}}},"fnMap":{"0":{"name":"(anonymous_0)","decl":{"start":{"line":5,"column":15},"end":{"line":5,"column":16}},"loc":{"start":{"line":5,"column":39},"end":{"line":17,"column":1}},"line":5}},"branchMap":{},"s":{"0":0,"1":0,"2":0,"3":0},"f":{"0":0},"b":{}}
,"/home/riceball/Documents/frameworks/web/vue/quasar/qinputex/src/i18n/index.js": {"path":"/home/riceball/Documents/frameworks/web/vue/quasar/qinputex/src/i18n/index.js","statementMap":{},"fnMap":{},"branchMap":{},"s":{},"f":{},"b":{}}
,"/home/riceball/Documents/frameworks/web/vue/quasar/qinputex/src/i18n/en-us/index.js": {"path":"/home/riceball/Documents/frameworks/web/vue/quasar/qinputex/src/i18n/en-us/index.js","statementMap":{"0":{"start":{"line":5,"column":0},"end":{"line":23,"column":1}},"1":{"start":{"line":25,"column":19},"end":{"line":37,"column":1}}},"fnMap":{},"branchMap":{},"s":{"0":0,"1":0},"f":{},"b":{}}
,"/home/riceball/Documents/frameworks/web/vue/quasar/qinputex/src/i18n/fr/index.js": {"path":"/home/riceball/Documents/frameworks/web/vue/quasar/qinputex/src/i18n/fr/index.js","statementMap":{"0":{"start":{"line":4,"column":19},"end":{"line":16,"column":1}}},"fnMap":{},"branchMap":{},"s":{"0":0},"f":{},"b":{}}
,"/home/riceball/Documents/frameworks/web/vue/quasar/qinputex/src/i18n/zh-hans/index.js": {"path":"/home/riceball/Documents/frameworks/web/vue/quasar/qinputex/src/i18n/zh-hans/index.js","statementMap":{"0":{"start":{"line":4,"column":0},"end":{"line":22,"column":1}},"1":{"start":{"line":24,"column":0},"end":{"line":45,"column":1}},"2":{"start":{"line":25,"column":16},"end":{"line":25,"column":34}},"3":{"start":{"line":26,"column":13},"end":{"line":26,"column":33}},"4":{"start":{"line":28,"column":16},"end":{"line":39,"column":3}},"5":{"start":{"line":43,"column":15},"end":{"line":43,"column":34}},"6":{"start":{"line":44,"column":2},"end":{"line":44,"column":41}},"7":{"start":{"line":47,"column":19},"end":{"line":59,"column":1}}},"fnMap":{"0":{"name":"(anonymous_0)","decl":{"start":{"line":24,"column":36},"end":{"line":24,"column":37}},"loc":{"start":{"line":24,"column":72},"end":{"line":45,"column":1}},"line":24}},"branchMap":{"0":{"loc":{"start":{"line":25,"column":16},"end":{"line":25,"column":34}},"type":"binary-expr","locations":[{"start":{"line":25,"column":16},"end":{"line":25,"column":28}},{"start":{"line":25,"column":32},"end":{"line":25,"column":34}}],"line":25}},"s":{"0":0,"1":0,"2":0,"3":0,"4":0,"5":0,"6":0,"7":0},"f":{"0":0},"b":{"0":[0,0]}}
,"/home/riceball/Documents/frameworks/web/vue/quasar/qinputex/src/layouts/MyLayout.vue": {"path":"/home/riceball/Documents/frameworks/web/vue/quasar/qinputex/src/layouts/MyLayout.vue","statementMap":{"0":{"start":{"line":106,"column":0},"end":{"line":106,"column":null}},"1":{"start":{"line":111,"column":0},"end":{"line":111,"column":null}}},"fnMap":{"0":{"name":"data","decl":{"start":{"line":110,"column":0},"end":{"line":110,"column":null}},"loc":{"start":{"line":110,"column":0},"end":{"line":114,"column":null}}}},"branchMap":{},"s":{"0":0,"1":0},"f":{"0":0},"b":{}}
,"/home/riceball/Documents/frameworks/web/vue/quasar/qinputex/src/pages/Index.vue": {"path":"/home/riceball/Documents/frameworks/web/vue/quasar/qinputex/src/pages/Index.vue","statementMap":{"0":{"start":{"line":10,"column":0},"end":{"line":10,"column":null}},"1":{"start":{"line":17,"column":0},"end":{"line":17,"column":null}}},"fnMap":{"0":{"name":"data","decl":{"start":{"line":16,"column":0},"end":{"line":16,"column":null}},"loc":{"start":{"line":16,"column":0},"end":{"line":20,"column":null}}}},"branchMap":{},"s":{"0":0,"1":0},"f":{"0":0},"b":{}}
,"/home/riceball/Documents/frameworks/web/vue/quasar/qinputex/src/router/index.js": {"path":"/home/riceball/Documents/frameworks/web/vue/quasar/qinputex/src/router/index.js","statementMap":{"0":{"start":{"line":6,"column":0},"end":{"line":6,"column":19}},"1":{"start":{"line":14,"column":17},"end":{"line":23,"column":4}},"2":{"start":{"line":15,"column":27},"end":{"line":15,"column":35}},"3":{"start":{"line":25,"column":2},"end":{"line":25,"column":16}}},"fnMap":{"0":{"name":"(anonymous_0)","decl":{"start":{"line":13,"column":15},"end":{"line":13,"column":16}},"loc":{"start":{"line":13,"column":53},"end":{"line":26,"column":1}},"line":13},"1":{"name":"(anonymous_1)","decl":{"start":{"line":15,"column":20},"end":{"line":15,"column":21}},"loc":{"start":{"line":15,"column":27},"end":{"line":15,"column":35}},"line":15}},"branchMap":{},"s":{"0":0,"1":0,"2":0,"3":0},"f":{"0":0,"1":0},"b":{}}
,"/home/riceball/Documents/frameworks/web/vue/quasar/qinputex/src/router/routes.js": {"path":"/home/riceball/Documents/frameworks/web/vue/quasar/qinputex/src/router/routes.js","statementMap":{"0":{"start":{"line":1,"column":15},"end":{"line":7,"column":1}},"1":{"start":{"line":4,"column":21},"end":{"line":4,"column":51}},"2":{"start":{"line":5,"column":44},"end":{"line":5,"column":69}},"3":{"start":{"line":10,"column":0},"end":{"line":15,"column":1}},"4":{"start":{"line":11,"column":2},"end":{"line":14,"column":5}},"5":{"start":{"line":13,"column":21},"end":{"line":13,"column":49}}},"fnMap":{"0":{"name":"(anonymous_0)","decl":{"start":{"line":4,"column":15},"end":{"line":4,"column":16}},"loc":{"start":{"line":4,"column":21},"end":{"line":4,"column":51}},"line":4},"1":{"name":"(anonymous_1)","decl":{"start":{"line":5,"column":38},"end":{"line":5,"column":39}},"loc":{"start":{"line":5,"column":44},"end":{"line":5,"column":69}},"line":5},"2":{"name":"(anonymous_2)","decl":{"start":{"line":13,"column":15},"end":{"line":13,"column":16}},"loc":{"start":{"line":13,"column":21},"end":{"line":13,"column":49}},"line":13}},"branchMap":{"0":{"loc":{"start":{"line":10,"column":0},"end":{"line":15,"column":1}},"type":"if","locations":[{"start":{"line":10,"column":0},"end":{"line":15,"column":1}},{"start":{"line":10,"column":0},"end":{"line":15,"column":1}}],"line":10}},"s":{"0":0,"1":0,"2":0,"3":0,"4":0,"5":0},"f":{"0":0,"1":0,"2":0},"b":{"0":[0,0]}}
}
