TN:
SF:/home/riceball/Documents/frameworks/web/vue/quasar/qinputex/src/index.ts
FNF:0
FNH:0
LF:0
LH:0
BRF:0
BRH:0
end_of_record
TN:
SF:/home/riceball/Documents/frameworks/web/vue/quasar/qinputex/src/boot/i18n.js
FN:5,(anonymous_0)
FNF:1
FNH:0
FNDA:0,(anonymous_0)
DA:6,0
DA:8,0
DA:11,0
DA:16,0
LF:4
LH:0
BRF:0
BRH:0
end_of_record
TN:
SF:/home/riceball/Documents/frameworks/web/vue/quasar/qinputex/src/i18n/index.js
FNF:0
FNH:0
LF:0
LH:0
BRF:0
BRH:0
end_of_record
TN:
SF:/home/riceball/Documents/frameworks/web/vue/quasar/qinputex/src/i18n/en-us/index.js
FNF:0
FNH:0
DA:5,0
DA:25,0
LF:2
LH:0
BRF:0
BRH:0
end_of_record
TN:
SF:/home/riceball/Documents/frameworks/web/vue/quasar/qinputex/src/i18n/fr/index.js
FNF:0
FNH:0
DA:4,0
LF:1
LH:0
BRF:0
BRH:0
end_of_record
TN:
SF:/home/riceball/Documents/frameworks/web/vue/quasar/qinputex/src/i18n/zh-hans/index.js
FN:24,(anonymous_0)
FNF:1
FNH:0
FNDA:0,(anonymous_0)
DA:4,0
DA:24,0
DA:25,0
DA:26,0
DA:28,0
DA:43,0
DA:44,0
DA:47,0
LF:8
LH:0
BRDA:25,0,0,0
BRDA:25,0,1,0
BRF:2
BRH:0
end_of_record
TN:
SF:/home/riceball/Documents/frameworks/web/vue/quasar/qinputex/src/layouts/MyLayout.vue
FN:110,data
FNF:1
FNH:0
FNDA:0,data
DA:106,0
DA:111,0
LF:2
LH:0
BRF:0
BRH:0
end_of_record
TN:
SF:/home/riceball/Documents/frameworks/web/vue/quasar/qinputex/src/pages/Index.vue
FN:16,data
FNF:1
FNH:0
FNDA:0,data
DA:10,0
DA:17,0
LF:2
LH:0
BRF:0
BRH:0
end_of_record
TN:
SF:/home/riceball/Documents/frameworks/web/vue/quasar/qinputex/src/router/index.js
FN:13,(anonymous_0)
FN:15,(anonymous_1)
FNF:2
FNH:0
FNDA:0,(anonymous_0)
FNDA:0,(anonymous_1)
DA:6,0
DA:14,0
DA:15,0
DA:25,0
LF:4
LH:0
BRF:0
BRH:0
end_of_record
TN:
SF:/home/riceball/Documents/frameworks/web/vue/quasar/qinputex/src/router/routes.js
FN:4,(anonymous_0)
FN:5,(anonymous_1)
FN:13,(anonymous_2)
FNF:3
FNH:0
FNDA:0,(anonymous_0)
FNDA:0,(anonymous_1)
FNDA:0,(anonymous_2)
DA:1,0
DA:4,0
DA:5,0
DA:10,0
DA:11,0
DA:13,0
LF:6
LH:0
BRDA:10,0,0,0
BRDA:10,0,1,0
BRF:2
BRH:0
end_of_record
